2024-11-03T18:05:09.787-05:00  INFO 33416 --- [SegundaUnidadFX] [JavaFX-Launcher] o.s.boot.SpringApplication               : Starting application using Java 23 with PID 33416 (started by LENOVO in D:\Nueva carpeta\PROYECTO-main\SegundaUnidadFX)
2024-11-03T18:05:09.805-05:00  INFO 33416 --- [SegundaUnidadFX] [JavaFX-Launcher] o.s.boot.SpringApplication               : No active profile set, falling back to 1 default profile: "default"
2024-11-03T18:05:10.755-05:00  INFO 33416 --- [SegundaUnidadFX] [JavaFX-Launcher] .s.d.r.c.RepositoryConfigurationDelegate : Bootstrapping Spring Data JPA repositories in DEFAULT mode.
2024-11-03T18:05:10.858-05:00  INFO 33416 --- [SegundaUnidadFX] [JavaFX-Launcher] .s.d.r.c.RepositoryConfigurationDelegate : Finished Spring Data repository scanning in 94 ms. Found 7 JPA repository interfaces.
2024-11-03T18:05:11.466-05:00  INFO 33416 --- [SegundaUnidadFX] [JavaFX-Launcher] o.hibernate.jpa.internal.util.LogHelper  : HHH000204: Processing PersistenceUnitInfo [name: default]
2024-11-03T18:05:11.576-05:00  INFO 33416 --- [SegundaUnidadFX] [JavaFX-Launcher] org.hibernate.Version                    : HHH000412: Hibernate ORM core version 6.5.3.Final
2024-11-03T18:05:11.643-05:00  INFO 33416 --- [SegundaUnidadFX] [JavaFX-Launcher] o.h.c.internal.RegionFactoryInitiator    : HHH000026: Second-level cache disabled
2024-11-03T18:05:12.074-05:00  INFO 33416 --- [SegundaUnidadFX] [JavaFX-Launcher] o.s.o.j.p.SpringPersistenceUnitInfo      : No LoadTimeWeaver setup: ignoring JPA class transformer
2024-11-03T18:05:12.114-05:00  INFO 33416 --- [SegundaUnidadFX] [JavaFX-Launcher] com.zaxxer.hikari.HikariDataSource       : HikariPool-1 - Starting...
2024-11-03T18:05:12.251-05:00  INFO 33416 --- [SegundaUnidadFX] [JavaFX-Launcher] com.zaxxer.hikari.pool.HikariPool        : HikariPool-1 - Added connection org.sqlite.jdbc4.JDBC4Connection@6bef85f3
2024-11-03T18:05:12.252-05:00  INFO 33416 --- [SegundaUnidadFX] [JavaFX-Launcher] com.zaxxer.hikari.HikariDataSource       : HikariPool-1 - Start completed.
2024-11-03T18:05:13.477-05:00  INFO 33416 --- [SegundaUnidadFX] [JavaFX-Launcher] o.h.e.t.j.p.i.JtaPlatformInitiator       : HHH000489: No JTA platform available (set 'hibernate.transaction.jta.platform' to enable JTA platform integration)
2024-11-03T18:05:13.515-05:00  INFO 33416 --- [SegundaUnidadFX] [JavaFX-Launcher] j.LocalContainerEntityManagerFactoryBean : Initialized JPA EntityManagerFactory for persistence unit 'default'
2024-11-03T18:05:14.376-05:00  INFO 33416 --- [SegundaUnidadFX] [JavaFX-Launcher] o.s.boot.SpringApplication               : Started application in 5.43 seconds (process running for 6.731)
2024-11-03T18:05:19.374-05:00  INFO 33416 --- [SegundaUnidadFX] [JavaFX Application Thread] j.LocalContainerEntityManagerFactoryBean : Closing JPA EntityManagerFactory for persistence unit 'default'
2024-11-03T18:05:19.376-05:00  INFO 33416 --- [SegundaUnidadFX] [JavaFX Application Thread] com.zaxxer.hikari.HikariDataSource       : HikariPool-1 - Shutdown initiated...
2024-11-03T18:05:19.379-05:00  INFO 33416 --- [SegundaUnidadFX] [JavaFX Application Thread] com.zaxxer.hikari.HikariDataSource       : HikariPool-1 - Shutdown completed.
2024-11-03T19:33:14.130-05:00  INFO 11732 --- [SegundaUnidadFX] [JavaFX-Launcher] o.s.boot.SpringApplication               : Starting application using Java 23 with PID 11732 (started by LENOVO in D:\Nueva carpeta\PROYECTO-main\SegundaUnidadFX)
2024-11-03T19:33:14.134-05:00  INFO 11732 --- [SegundaUnidadFX] [JavaFX-Launcher] o.s.boot.SpringApplication               : No active profile set, falling back to 1 default profile: "default"
2024-11-03T19:33:15.361-05:00  INFO 11732 --- [SegundaUnidadFX] [JavaFX-Launcher] .s.d.r.c.RepositoryConfigurationDelegate : Bootstrapping Spring Data JPA repositories in DEFAULT mode.
2024-11-03T19:33:15.475-05:00  INFO 11732 --- [SegundaUnidadFX] [JavaFX-Launcher] .s.d.r.c.RepositoryConfigurationDelegate : Finished Spring Data repository scanning in 101 ms. Found 7 JPA repository interfaces.
2024-11-03T19:33:16.134-05:00  INFO 11732 --- [SegundaUnidadFX] [JavaFX-Launcher] o.hibernate.jpa.internal.util.LogHelper  : HHH000204: Processing PersistenceUnitInfo [name: default]
2024-11-03T19:33:16.222-05:00  INFO 11732 --- [SegundaUnidadFX] [JavaFX-Launcher] org.hibernate.Version                    : HHH000412: Hibernate ORM core version 6.5.3.Final
2024-11-03T19:33:16.272-05:00  INFO 11732 --- [SegundaUnidadFX] [JavaFX-Launcher] o.h.c.internal.RegionFactoryInitiator    : HHH000026: Second-level cache disabled
2024-11-03T19:33:16.776-05:00  INFO 11732 --- [SegundaUnidadFX] [JavaFX-Launcher] o.s.o.j.p.SpringPersistenceUnitInfo      : No LoadTimeWeaver setup: ignoring JPA class transformer
2024-11-03T19:33:16.824-05:00  INFO 11732 --- [SegundaUnidadFX] [JavaFX-Launcher] com.zaxxer.hikari.HikariDataSource       : HikariPool-1 - Starting...
2024-11-03T19:33:17.002-05:00  INFO 11732 --- [SegundaUnidadFX] [JavaFX-Launcher] com.zaxxer.hikari.pool.HikariPool        : HikariPool-1 - Added connection org.sqlite.jdbc4.JDBC4Connection@1f153170
2024-11-03T19:33:17.004-05:00  INFO 11732 --- [SegundaUnidadFX] [JavaFX-Launcher] com.zaxxer.hikari.HikariDataSource       : HikariPool-1 - Start completed.
2024-11-03T19:33:18.269-05:00  INFO 11732 --- [SegundaUnidadFX] [JavaFX-Launcher] o.h.e.t.j.p.i.JtaPlatformInitiator       : HHH000489: No JTA platform available (set 'hibernate.transaction.jta.platform' to enable JTA platform integration)
2024-11-03T19:33:18.309-05:00  INFO 11732 --- [SegundaUnidadFX] [JavaFX-Launcher] j.LocalContainerEntityManagerFactoryBean : Initialized JPA EntityManagerFactory for persistence unit 'default'
2024-11-03T19:33:18.792-05:00  WARN 11732 --- [SegundaUnidadFX] [JavaFX-Launcher] s.c.a.AnnotationConfigApplicationContext : Exception encountered during context initialization - cancelling refresh attempt: org.springframework.beans.factory.UnsatisfiedDependencyException: Error creating bean with name 'matriculaController': Unsatisfied dependency expressed through field 'cs': Error creating bean with name 'cursoService': Unsatisfied dependency expressed through field 'repo': No qualifying bean of type 'pe.edu.upeu.segundaunidadfx.repositorio.CursoRepository' available: expected single matching bean but found 2: cursoRepositoryImpl,cursoRepository
2024-11-03T19:33:18.793-05:00  INFO 11732 --- [SegundaUnidadFX] [JavaFX-Launcher] j.LocalContainerEntityManagerFactoryBean : Closing JPA EntityManagerFactory for persistence unit 'default'
2024-11-03T19:33:18.795-05:00  INFO 11732 --- [SegundaUnidadFX] [JavaFX-Launcher] com.zaxxer.hikari.HikariDataSource       : HikariPool-1 - Shutdown initiated...
2024-11-03T19:33:18.799-05:00  INFO 11732 --- [SegundaUnidadFX] [JavaFX-Launcher] com.zaxxer.hikari.HikariDataSource       : HikariPool-1 - Shutdown completed.
2024-11-03T19:33:18.811-05:00  INFO 11732 --- [SegundaUnidadFX] [JavaFX-Launcher] .s.b.a.l.ConditionEvaluationReportLogger : 

Error starting ApplicationContext. To display the condition evaluation report re-run your application with 'debug' enabled.
2024-11-03T19:33:18.845-05:00 ERROR 11732 --- [SegundaUnidadFX] [JavaFX-Launcher] o.s.b.d.LoggingFailureAnalysisReporter   : 

***************************
APPLICATION FAILED TO START
***************************

Description:

Field repo in pe.edu.upeu.segundaunidadfx.servicio.CursoService required a single bean, but 2 were found:
	- cursoRepositoryImpl: defined in file [D:\Nueva carpeta\PROYECTO-main\SegundaUnidadFX\target\classes\pe\edu\upeu\segundaunidadfx\repositorio\CursoRepositoryImpl.class]
	- cursoRepository: defined in pe.edu.upeu.segundaunidadfx.repositorio.CursoRepository defined in @EnableJpaRepositories declared on JpaRepositoriesRegistrar.EnableJpaRepositoriesConfiguration

This may be due to missing parameter name information

Action:

Consider marking one of the beans as @Primary, updating the consumer to accept multiple beans, or using @Qualifier to identify the bean that should be consumed

Ensure that your compiler is configured to use the '-parameters' flag.
You may need to update both your build tool settings as well as your IDE.
(See https://github.com/spring-projects/spring-framework/wiki/Upgrading-to-Spring-Framework-6.x#parameter-name-retention)


2024-11-03T20:15:57.491-05:00  INFO 19560 --- [SegundaUnidadFX] [JavaFX-Launcher] o.s.boot.SpringApplication               : Starting application using Java 23 with PID 19560 (started by LENOVO in D:\Nueva carpeta\PROYECTO-main\SegundaUnidadFX)
2024-11-03T20:15:57.495-05:00  INFO 19560 --- [SegundaUnidadFX] [JavaFX-Launcher] o.s.boot.SpringApplication               : No active profile set, falling back to 1 default profile: "default"
2024-11-03T20:15:58.618-05:00  INFO 19560 --- [SegundaUnidadFX] [JavaFX-Launcher] .s.d.r.c.RepositoryConfigurationDelegate : Bootstrapping Spring Data JPA repositories in DEFAULT mode.
2024-11-03T20:15:58.747-05:00  INFO 19560 --- [SegundaUnidadFX] [JavaFX-Launcher] .s.d.r.c.RepositoryConfigurationDelegate : Finished Spring Data repository scanning in 113 ms. Found 7 JPA repository interfaces.
2024-11-03T20:15:59.433-05:00  INFO 19560 --- [SegundaUnidadFX] [JavaFX-Launcher] o.hibernate.jpa.internal.util.LogHelper  : HHH000204: Processing PersistenceUnitInfo [name: default]
2024-11-03T20:15:59.528-05:00  INFO 19560 --- [SegundaUnidadFX] [JavaFX-Launcher] org.hibernate.Version                    : HHH000412: Hibernate ORM core version 6.5.3.Final
2024-11-03T20:15:59.575-05:00  INFO 19560 --- [SegundaUnidadFX] [JavaFX-Launcher] o.h.c.internal.RegionFactoryInitiator    : HHH000026: Second-level cache disabled
2024-11-03T20:16:00.122-05:00  INFO 19560 --- [SegundaUnidadFX] [JavaFX-Launcher] o.s.o.j.p.SpringPersistenceUnitInfo      : No LoadTimeWeaver setup: ignoring JPA class transformer
2024-11-03T20:16:00.193-05:00  INFO 19560 --- [SegundaUnidadFX] [JavaFX-Launcher] com.zaxxer.hikari.HikariDataSource       : HikariPool-1 - Starting...
2024-11-03T20:16:00.391-05:00  INFO 19560 --- [SegundaUnidadFX] [JavaFX-Launcher] com.zaxxer.hikari.pool.HikariPool        : HikariPool-1 - Added connection org.sqlite.jdbc4.JDBC4Connection@692bb20b
2024-11-03T20:16:00.393-05:00  INFO 19560 --- [SegundaUnidadFX] [JavaFX-Launcher] com.zaxxer.hikari.HikariDataSource       : HikariPool-1 - Start completed.
2024-11-03T20:16:01.783-05:00  INFO 19560 --- [SegundaUnidadFX] [JavaFX-Launcher] o.h.e.t.j.p.i.JtaPlatformInitiator       : HHH000489: No JTA platform available (set 'hibernate.transaction.jta.platform' to enable JTA platform integration)
2024-11-03T20:16:01.832-05:00  INFO 19560 --- [SegundaUnidadFX] [JavaFX-Launcher] j.LocalContainerEntityManagerFactoryBean : Initialized JPA EntityManagerFactory for persistence unit 'default'
2024-11-03T20:16:02.373-05:00  WARN 19560 --- [SegundaUnidadFX] [JavaFX-Launcher] s.c.a.AnnotationConfigApplicationContext : Exception encountered during context initialization - cancelling refresh attempt: org.springframework.beans.factory.UnsatisfiedDependencyException: Error creating bean with name 'matriculaController': Unsatisfied dependency expressed through field 'cs': Error creating bean with name 'cursoService': Unsatisfied dependency expressed through field 'repo': No qualifying bean of type 'pe.edu.upeu.segundaunidadfx.repositorio.CursoRepository' available: expected single matching bean but found 2: cursoRepositoryImpl,cursoRepository
2024-11-03T20:16:02.373-05:00  INFO 19560 --- [SegundaUnidadFX] [JavaFX-Launcher] j.LocalContainerEntityManagerFactoryBean : Closing JPA EntityManagerFactory for persistence unit 'default'
2024-11-03T20:16:02.375-05:00  INFO 19560 --- [SegundaUnidadFX] [JavaFX-Launcher] com.zaxxer.hikari.HikariDataSource       : HikariPool-1 - Shutdown initiated...
2024-11-03T20:16:02.378-05:00  INFO 19560 --- [SegundaUnidadFX] [JavaFX-Launcher] com.zaxxer.hikari.HikariDataSource       : HikariPool-1 - Shutdown completed.
2024-11-03T20:16:02.386-05:00  INFO 19560 --- [SegundaUnidadFX] [JavaFX-Launcher] .s.b.a.l.ConditionEvaluationReportLogger : 

Error starting ApplicationContext. To display the condition evaluation report re-run your application with 'debug' enabled.
2024-11-03T20:16:02.411-05:00 ERROR 19560 --- [SegundaUnidadFX] [JavaFX-Launcher] o.s.b.d.LoggingFailureAnalysisReporter   : 

***************************
APPLICATION FAILED TO START
***************************

Description:

Field repo in pe.edu.upeu.segundaunidadfx.servicio.CursoService required a single bean, but 2 were found:
	- cursoRepositoryImpl: defined in file [D:\Nueva carpeta\PROYECTO-main\SegundaUnidadFX\target\classes\pe\edu\upeu\segundaunidadfx\repositorio\CursoRepositoryImpl.class]
	- cursoRepository: defined in pe.edu.upeu.segundaunidadfx.repositorio.CursoRepository defined in @EnableJpaRepositories declared on JpaRepositoriesRegistrar.EnableJpaRepositoriesConfiguration

This may be due to missing parameter name information

Action:

Consider marking one of the beans as @Primary, updating the consumer to accept multiple beans, or using @Qualifier to identify the bean that should be consumed

Ensure that your compiler is configured to use the '-parameters' flag.
You may need to update both your build tool settings as well as your IDE.
(See https://github.com/spring-projects/spring-framework/wiki/Upgrading-to-Spring-Framework-6.x#parameter-name-retention)


2024-11-03T21:16:41.939-05:00  INFO 39328 --- [SegundaUnidadFX] [JavaFX-Launcher] o.s.boot.SpringApplication               : Starting application using Java 23 with PID 39328 (started by LENOVO in D:\Nueva carpeta\PROYECTO-main\SegundaUnidadFX)
2024-11-03T21:16:41.942-05:00  INFO 39328 --- [SegundaUnidadFX] [JavaFX-Launcher] o.s.boot.SpringApplication               : No active profile set, falling back to 1 default profile: "default"
2024-11-03T21:16:43.102-05:00  INFO 39328 --- [SegundaUnidadFX] [JavaFX-Launcher] .s.d.r.c.RepositoryConfigurationDelegate : Bootstrapping Spring Data JPA repositories in DEFAULT mode.
2024-11-03T21:16:43.137-05:00  INFO 39328 --- [SegundaUnidadFX] [JavaFX-Launcher] .s.d.r.c.RepositoryConfigurationDelegate : Finished Spring Data repository scanning in 20 ms. Found 0 JPA repository interfaces.
2024-11-03T21:16:43.719-05:00  INFO 39328 --- [SegundaUnidadFX] [JavaFX-Launcher] o.hibernate.jpa.internal.util.LogHelper  : HHH000204: Processing PersistenceUnitInfo [name: default]
2024-11-03T21:16:43.811-05:00  INFO 39328 --- [SegundaUnidadFX] [JavaFX-Launcher] org.hibernate.Version                    : HHH000412: Hibernate ORM core version 6.5.3.Final
2024-11-03T21:16:43.868-05:00  INFO 39328 --- [SegundaUnidadFX] [JavaFX-Launcher] o.h.c.internal.RegionFactoryInitiator    : HHH000026: Second-level cache disabled
2024-11-03T21:16:44.314-05:00  INFO 39328 --- [SegundaUnidadFX] [JavaFX-Launcher] o.s.o.j.p.SpringPersistenceUnitInfo      : No LoadTimeWeaver setup: ignoring JPA class transformer
2024-11-03T21:16:44.352-05:00  INFO 39328 --- [SegundaUnidadFX] [JavaFX-Launcher] com.zaxxer.hikari.HikariDataSource       : HikariPool-1 - Starting...
2024-11-03T21:16:44.505-05:00  INFO 39328 --- [SegundaUnidadFX] [JavaFX-Launcher] com.zaxxer.hikari.pool.HikariPool        : HikariPool-1 - Added connection org.sqlite.jdbc4.JDBC4Connection@7b870861
2024-11-03T21:16:44.508-05:00  INFO 39328 --- [SegundaUnidadFX] [JavaFX-Launcher] com.zaxxer.hikari.HikariDataSource       : HikariPool-1 - Start completed.
2024-11-03T21:16:44.924-05:00  INFO 39328 --- [SegundaUnidadFX] [JavaFX-Launcher] o.h.e.t.j.p.i.JtaPlatformInitiator       : HHH000489: No JTA platform available (set 'hibernate.transaction.jta.platform' to enable JTA platform integration)
2024-11-03T21:16:44.930-05:00  INFO 39328 --- [SegundaUnidadFX] [JavaFX-Launcher] j.LocalContainerEntityManagerFactoryBean : Initialized JPA EntityManagerFactory for persistence unit 'default'
2024-11-03T21:16:45.307-05:00  INFO 39328 --- [SegundaUnidadFX] [JavaFX-Launcher] o.s.boot.SpringApplication               : Started application in 4.346 seconds (process running for 6.083)
2024-11-03T21:16:45.418-05:00  INFO 39328 --- [SegundaUnidadFX] [JavaFX Application Thread] j.LocalContainerEntityManagerFactoryBean : Closing JPA EntityManagerFactory for persistence unit 'default'
2024-11-03T21:16:45.421-05:00  INFO 39328 --- [SegundaUnidadFX] [JavaFX Application Thread] com.zaxxer.hikari.HikariDataSource       : HikariPool-1 - Shutdown initiated...
2024-11-03T21:16:45.425-05:00  INFO 39328 --- [SegundaUnidadFX] [JavaFX Application Thread] com.zaxxer.hikari.HikariDataSource       : HikariPool-1 - Shutdown completed.
2024-11-03T21:18:34.143-05:00  INFO 39072 --- [SegundaUnidadFX] [JavaFX-Launcher] o.s.boot.SpringApplication               : Starting application using Java 23 with PID 39072 (started by LENOVO in D:\Nueva carpeta\PROYECTO-main\SegundaUnidadFX)
2024-11-03T21:18:34.148-05:00  INFO 39072 --- [SegundaUnidadFX] [JavaFX-Launcher] o.s.boot.SpringApplication               : No active profile set, falling back to 1 default profile: "default"
2024-11-03T21:18:35.174-05:00  INFO 39072 --- [SegundaUnidadFX] [JavaFX-Launcher] .s.d.r.c.RepositoryConfigurationDelegate : Bootstrapping Spring Data JPA repositories in DEFAULT mode.
2024-11-03T21:18:35.205-05:00  INFO 39072 --- [SegundaUnidadFX] [JavaFX-Launcher] .s.d.r.c.RepositoryConfigurationDelegate : Finished Spring Data repository scanning in 17 ms. Found 0 JPA repository interfaces.
2024-11-03T21:18:35.772-05:00  INFO 39072 --- [SegundaUnidadFX] [JavaFX-Launcher] o.hibernate.jpa.internal.util.LogHelper  : HHH000204: Processing PersistenceUnitInfo [name: default]
2024-11-03T21:18:35.876-05:00  INFO 39072 --- [SegundaUnidadFX] [JavaFX-Launcher] org.hibernate.Version                    : HHH000412: Hibernate ORM core version 6.5.3.Final
2024-11-03T21:18:35.937-05:00  INFO 39072 --- [SegundaUnidadFX] [JavaFX-Launcher] o.h.c.internal.RegionFactoryInitiator    : HHH000026: Second-level cache disabled
2024-11-03T21:18:36.371-05:00  INFO 39072 --- [SegundaUnidadFX] [JavaFX-Launcher] o.s.o.j.p.SpringPersistenceUnitInfo      : No LoadTimeWeaver setup: ignoring JPA class transformer
2024-11-03T21:18:36.410-05:00  INFO 39072 --- [SegundaUnidadFX] [JavaFX-Launcher] com.zaxxer.hikari.HikariDataSource       : HikariPool-1 - Starting...
2024-11-03T21:18:36.561-05:00  INFO 39072 --- [SegundaUnidadFX] [JavaFX-Launcher] com.zaxxer.hikari.pool.HikariPool        : HikariPool-1 - Added connection org.sqlite.jdbc4.JDBC4Connection@251c54ce
2024-11-03T21:18:36.564-05:00  INFO 39072 --- [SegundaUnidadFX] [JavaFX-Launcher] com.zaxxer.hikari.HikariDataSource       : HikariPool-1 - Start completed.
2024-11-03T21:18:37.122-05:00  INFO 39072 --- [SegundaUnidadFX] [JavaFX-Launcher] o.h.e.t.j.p.i.JtaPlatformInitiator       : HHH000489: No JTA platform available (set 'hibernate.transaction.jta.platform' to enable JTA platform integration)
2024-11-03T21:18:37.131-05:00  INFO 39072 --- [SegundaUnidadFX] [JavaFX-Launcher] j.LocalContainerEntityManagerFactoryBean : Initialized JPA EntityManagerFactory for persistence unit 'default'
2024-11-03T21:18:37.545-05:00  INFO 39072 --- [SegundaUnidadFX] [JavaFX-Launcher] o.s.boot.SpringApplication               : Started application in 4.353 seconds (process running for 5.794)
2024-11-03T21:18:37.645-05:00  INFO 39072 --- [SegundaUnidadFX] [JavaFX Application Thread] j.LocalContainerEntityManagerFactoryBean : Closing JPA EntityManagerFactory for persistence unit 'default'
2024-11-03T21:18:37.649-05:00  INFO 39072 --- [SegundaUnidadFX] [JavaFX Application Thread] com.zaxxer.hikari.HikariDataSource       : HikariPool-1 - Shutdown initiated...
2024-11-03T21:18:37.652-05:00  INFO 39072 --- [SegundaUnidadFX] [JavaFX Application Thread] com.zaxxer.hikari.HikariDataSource       : HikariPool-1 - Shutdown completed.
2024-11-03T21:19:08.603-05:00  INFO 31200 --- [SegundaUnidadFX] [JavaFX-Launcher] o.s.boot.SpringApplication               : Starting application using Java 23 with PID 31200 (started by LENOVO in D:\Nueva carpeta\PROYECTO-main\SegundaUnidadFX)
2024-11-03T21:19:08.606-05:00  INFO 31200 --- [SegundaUnidadFX] [JavaFX-Launcher] o.s.boot.SpringApplication               : No active profile set, falling back to 1 default profile: "default"
2024-11-03T21:19:09.685-05:00  INFO 31200 --- [SegundaUnidadFX] [JavaFX-Launcher] .s.d.r.c.RepositoryConfigurationDelegate : Bootstrapping Spring Data JPA repositories in DEFAULT mode.
2024-11-03T21:19:09.710-05:00  INFO 31200 --- [SegundaUnidadFX] [JavaFX-Launcher] .s.d.r.c.RepositoryConfigurationDelegate : Finished Spring Data repository scanning in 15 ms. Found 0 JPA repository interfaces.
2024-11-03T21:19:10.373-05:00  INFO 31200 --- [SegundaUnidadFX] [JavaFX-Launcher] o.hibernate.jpa.internal.util.LogHelper  : HHH000204: Processing PersistenceUnitInfo [name: default]
2024-11-03T21:19:10.481-05:00  INFO 31200 --- [SegundaUnidadFX] [JavaFX-Launcher] org.hibernate.Version                    : HHH000412: Hibernate ORM core version 6.5.3.Final
2024-11-03T21:19:10.526-05:00  INFO 31200 --- [SegundaUnidadFX] [JavaFX-Launcher] o.h.c.internal.RegionFactoryInitiator    : HHH000026: Second-level cache disabled
2024-11-03T21:19:11.073-05:00  INFO 31200 --- [SegundaUnidadFX] [JavaFX-Launcher] o.s.o.j.p.SpringPersistenceUnitInfo      : No LoadTimeWeaver setup: ignoring JPA class transformer
2024-11-03T21:19:11.109-05:00  INFO 31200 --- [SegundaUnidadFX] [JavaFX-Launcher] com.zaxxer.hikari.HikariDataSource       : HikariPool-1 - Starting...
2024-11-03T21:19:11.279-05:00  INFO 31200 --- [SegundaUnidadFX] [JavaFX-Launcher] com.zaxxer.hikari.pool.HikariPool        : HikariPool-1 - Added connection org.sqlite.jdbc4.JDBC4Connection@52c0612d
2024-11-03T21:19:11.283-05:00  INFO 31200 --- [SegundaUnidadFX] [JavaFX-Launcher] com.zaxxer.hikari.HikariDataSource       : HikariPool-1 - Start completed.
2024-11-03T21:19:11.823-05:00  INFO 31200 --- [SegundaUnidadFX] [JavaFX-Launcher] o.h.e.t.j.p.i.JtaPlatformInitiator       : HHH000489: No JTA platform available (set 'hibernate.transaction.jta.platform' to enable JTA platform integration)
2024-11-03T21:19:11.829-05:00  INFO 31200 --- [SegundaUnidadFX] [JavaFX-Launcher] j.LocalContainerEntityManagerFactoryBean : Initialized JPA EntityManagerFactory for persistence unit 'default'
2024-11-03T21:19:12.231-05:00  INFO 31200 --- [SegundaUnidadFX] [JavaFX-Launcher] o.s.boot.SpringApplication               : Started application in 4.538 seconds (process running for 5.875)
2024-11-03T21:19:12.348-05:00  INFO 31200 --- [SegundaUnidadFX] [JavaFX Application Thread] j.LocalContainerEntityManagerFactoryBean : Closing JPA EntityManagerFactory for persistence unit 'default'
2024-11-03T21:19:12.351-05:00  INFO 31200 --- [SegundaUnidadFX] [JavaFX Application Thread] com.zaxxer.hikari.HikariDataSource       : HikariPool-1 - Shutdown initiated...
2024-11-03T21:19:12.355-05:00  INFO 31200 --- [SegundaUnidadFX] [JavaFX Application Thread] com.zaxxer.hikari.HikariDataSource       : HikariPool-1 - Shutdown completed.
2024-11-03T21:20:21.025-05:00  INFO 10116 --- [SegundaUnidadFX] [JavaFX-Launcher] o.s.boot.SpringApplication               : Starting application using Java 23 with PID 10116 (started by LENOVO in D:\Nueva carpeta\PROYECTO-main\SegundaUnidadFX)
2024-11-03T21:20:21.029-05:00  INFO 10116 --- [SegundaUnidadFX] [JavaFX-Launcher] o.s.boot.SpringApplication               : No active profile set, falling back to 1 default profile: "default"
2024-11-03T21:20:22.122-05:00  INFO 10116 --- [SegundaUnidadFX] [JavaFX-Launcher] .s.d.r.c.RepositoryConfigurationDelegate : Bootstrapping Spring Data JPA repositories in DEFAULT mode.
2024-11-03T21:20:22.156-05:00  INFO 10116 --- [SegundaUnidadFX] [JavaFX-Launcher] .s.d.r.c.RepositoryConfigurationDelegate : Finished Spring Data repository scanning in 19 ms. Found 0 JPA repository interfaces.
2024-11-03T21:20:22.735-05:00  INFO 10116 --- [SegundaUnidadFX] [JavaFX-Launcher] o.hibernate.jpa.internal.util.LogHelper  : HHH000204: Processing PersistenceUnitInfo [name: default]
2024-11-03T21:20:22.826-05:00  INFO 10116 --- [SegundaUnidadFX] [JavaFX-Launcher] org.hibernate.Version                    : HHH000412: Hibernate ORM core version 6.5.3.Final
2024-11-03T21:20:22.884-05:00  INFO 10116 --- [SegundaUnidadFX] [JavaFX-Launcher] o.h.c.internal.RegionFactoryInitiator    : HHH000026: Second-level cache disabled
2024-11-03T21:20:23.316-05:00  INFO 10116 --- [SegundaUnidadFX] [JavaFX-Launcher] o.s.o.j.p.SpringPersistenceUnitInfo      : No LoadTimeWeaver setup: ignoring JPA class transformer
2024-11-03T21:20:23.359-05:00  INFO 10116 --- [SegundaUnidadFX] [JavaFX-Launcher] com.zaxxer.hikari.HikariDataSource       : HikariPool-1 - Starting...
2024-11-03T21:20:23.517-05:00  INFO 10116 --- [SegundaUnidadFX] [JavaFX-Launcher] com.zaxxer.hikari.pool.HikariPool        : HikariPool-1 - Added connection org.sqlite.jdbc4.JDBC4Connection@22afbd2c
2024-11-03T21:20:23.521-05:00  INFO 10116 --- [SegundaUnidadFX] [JavaFX-Launcher] com.zaxxer.hikari.HikariDataSource       : HikariPool-1 - Start completed.
2024-11-03T21:20:23.928-05:00  INFO 10116 --- [SegundaUnidadFX] [JavaFX-Launcher] o.h.e.t.j.p.i.JtaPlatformInitiator       : HHH000489: No JTA platform available (set 'hibernate.transaction.jta.platform' to enable JTA platform integration)
2024-11-03T21:20:23.935-05:00  INFO 10116 --- [SegundaUnidadFX] [JavaFX-Launcher] j.LocalContainerEntityManagerFactoryBean : Initialized JPA EntityManagerFactory for persistence unit 'default'
2024-11-03T21:20:24.332-05:00  INFO 10116 --- [SegundaUnidadFX] [JavaFX-Launcher] o.s.boot.SpringApplication               : Started application in 4.318 seconds (process running for 5.926)
2024-11-03T21:20:26.880-05:00  INFO 10116 --- [SegundaUnidadFX] [JavaFX Application Thread] j.LocalContainerEntityManagerFactoryBean : Closing JPA EntityManagerFactory for persistence unit 'default'
2024-11-03T21:20:26.890-05:00  INFO 10116 --- [SegundaUnidadFX] [JavaFX Application Thread] com.zaxxer.hikari.HikariDataSource       : HikariPool-1 - Shutdown initiated...
2024-11-03T21:20:26.898-05:00  INFO 10116 --- [SegundaUnidadFX] [JavaFX Application Thread] com.zaxxer.hikari.HikariDataSource       : HikariPool-1 - Shutdown completed.
2024-11-03T21:41:57.165-05:00  INFO 40856 --- [SegundaUnidadFX] [JavaFX-Launcher] o.s.boot.SpringApplication               : Starting application using Java 23 with PID 40856 (started by LENOVO in D:\Nueva carpeta\PROYECTO-main\SegundaUnidadFX)
2024-11-03T21:41:57.169-05:00  INFO 40856 --- [SegundaUnidadFX] [JavaFX-Launcher] o.s.boot.SpringApplication               : No active profile set, falling back to 1 default profile: "default"
2024-11-03T21:41:58.233-05:00  INFO 40856 --- [SegundaUnidadFX] [JavaFX-Launcher] .s.d.r.c.RepositoryConfigurationDelegate : Bootstrapping Spring Data JPA repositories in DEFAULT mode.
2024-11-03T21:41:58.375-05:00  INFO 40856 --- [SegundaUnidadFX] [JavaFX-Launcher] .s.d.r.c.RepositoryConfigurationDelegate : Finished Spring Data repository scanning in 27 ms. Found 0 JPA repository interfaces.
2024-11-03T21:41:58.923-05:00  INFO 40856 --- [SegundaUnidadFX] [JavaFX-Launcher] o.hibernate.jpa.internal.util.LogHelper  : HHH000204: Processing PersistenceUnitInfo [name: default]
2024-11-03T21:41:59.049-05:00  INFO 40856 --- [SegundaUnidadFX] [JavaFX-Launcher] org.hibernate.Version                    : HHH000412: Hibernate ORM core version 6.5.3.Final
2024-11-03T21:41:59.115-05:00  INFO 40856 --- [SegundaUnidadFX] [JavaFX-Launcher] o.h.c.internal.RegionFactoryInitiator    : HHH000026: Second-level cache disabled
2024-11-03T21:41:59.604-05:00  INFO 40856 --- [SegundaUnidadFX] [JavaFX-Launcher] o.s.o.j.p.SpringPersistenceUnitInfo      : No LoadTimeWeaver setup: ignoring JPA class transformer
2024-11-03T21:41:59.652-05:00  INFO 40856 --- [SegundaUnidadFX] [JavaFX-Launcher] com.zaxxer.hikari.HikariDataSource       : HikariPool-1 - Starting...
2024-11-03T21:41:59.832-05:00  INFO 40856 --- [SegundaUnidadFX] [JavaFX-Launcher] com.zaxxer.hikari.pool.HikariPool        : HikariPool-1 - Added connection org.sqlite.jdbc4.JDBC4Connection@1c024fa5
2024-11-03T21:41:59.836-05:00  INFO 40856 --- [SegundaUnidadFX] [JavaFX-Launcher] com.zaxxer.hikari.HikariDataSource       : HikariPool-1 - Start completed.
2024-11-03T21:42:01.021-05:00  INFO 40856 --- [SegundaUnidadFX] [JavaFX-Launcher] o.h.e.t.j.p.i.JtaPlatformInitiator       : HHH000489: No JTA platform available (set 'hibernate.transaction.jta.platform' to enable JTA platform integration)
2024-11-03T21:42:01.108-05:00  INFO 40856 --- [SegundaUnidadFX] [JavaFX-Launcher] j.LocalContainerEntityManagerFactoryBean : Initialized JPA EntityManagerFactory for persistence unit 'default'
2024-11-03T21:42:01.497-05:00  INFO 40856 --- [SegundaUnidadFX] [JavaFX-Launcher] o.s.boot.SpringApplication               : Started application in 5.28 seconds (process running for 6.731)
2024-11-03T21:42:06.801-05:00  INFO 40856 --- [SegundaUnidadFX] [JavaFX Application Thread] j.LocalContainerEntityManagerFactoryBean : Closing JPA EntityManagerFactory for persistence unit 'default'
2024-11-03T21:42:06.806-05:00  INFO 40856 --- [SegundaUnidadFX] [JavaFX Application Thread] com.zaxxer.hikari.HikariDataSource       : HikariPool-1 - Shutdown initiated...
2024-11-03T21:42:06.812-05:00  INFO 40856 --- [SegundaUnidadFX] [JavaFX Application Thread] com.zaxxer.hikari.HikariDataSource       : HikariPool-1 - Shutdown completed.
2024-11-03T21:51:42.834-05:00  INFO 30944 --- [SegundaUnidadFX] [JavaFX-Launcher] o.s.boot.SpringApplication               : Starting application using Java 23 with PID 30944 (started by LENOVO in D:\Nueva carpeta\PROYECTO-main\SegundaUnidadFX)
2024-11-03T21:51:42.840-05:00  INFO 30944 --- [SegundaUnidadFX] [JavaFX-Launcher] o.s.boot.SpringApplication               : No active profile set, falling back to 1 default profile: "default"
2024-11-03T21:51:44.505-05:00  INFO 30944 --- [SegundaUnidadFX] [JavaFX-Launcher] .s.d.r.c.RepositoryConfigurationDelegate : Bootstrapping Spring Data JPA repositories in DEFAULT mode.
2024-11-03T21:51:44.610-05:00  INFO 30944 --- [SegundaUnidadFX] [JavaFX-Launcher] .s.d.r.c.RepositoryConfigurationDelegate : Finished Spring Data repository scanning in 92 ms. Found 1 JPA repository interface.
2024-11-03T21:51:45.438-05:00  INFO 30944 --- [SegundaUnidadFX] [JavaFX-Launcher] o.hibernate.jpa.internal.util.LogHelper  : HHH000204: Processing PersistenceUnitInfo [name: default]
2024-11-03T21:51:45.544-05:00  INFO 30944 --- [SegundaUnidadFX] [JavaFX-Launcher] org.hibernate.Version                    : HHH000412: Hibernate ORM core version 6.5.3.Final
2024-11-03T21:51:45.605-05:00  INFO 30944 --- [SegundaUnidadFX] [JavaFX-Launcher] o.h.c.internal.RegionFactoryInitiator    : HHH000026: Second-level cache disabled
2024-11-03T21:51:46.392-05:00  INFO 30944 --- [SegundaUnidadFX] [JavaFX-Launcher] o.s.o.j.p.SpringPersistenceUnitInfo      : No LoadTimeWeaver setup: ignoring JPA class transformer
2024-11-03T21:51:46.462-05:00  INFO 30944 --- [SegundaUnidadFX] [JavaFX-Launcher] com.zaxxer.hikari.HikariDataSource       : HikariPool-1 - Starting...
2024-11-03T21:51:46.920-05:00  INFO 30944 --- [SegundaUnidadFX] [JavaFX-Launcher] com.zaxxer.hikari.pool.HikariPool        : HikariPool-1 - Added connection org.sqlite.jdbc4.JDBC4Connection@1c4f7a19
2024-11-03T21:51:46.922-05:00  INFO 30944 --- [SegundaUnidadFX] [JavaFX-Launcher] com.zaxxer.hikari.HikariDataSource       : HikariPool-1 - Start completed.
2024-11-03T21:51:48.396-05:00  INFO 30944 --- [SegundaUnidadFX] [JavaFX-Launcher] o.h.e.t.j.p.i.JtaPlatformInitiator       : HHH000489: No JTA platform available (set 'hibernate.transaction.jta.platform' to enable JTA platform integration)
2024-11-03T21:51:48.466-05:00  INFO 30944 --- [SegundaUnidadFX] [JavaFX-Launcher] j.LocalContainerEntityManagerFactoryBean : Initialized JPA EntityManagerFactory for persistence unit 'default'
2024-11-03T21:51:49.182-05:00  INFO 30944 --- [SegundaUnidadFX] [JavaFX-Launcher] o.s.boot.SpringApplication               : Started application in 7.553 seconds (process running for 8.912)
2024-11-03T21:51:50.980-05:00  INFO 30944 --- [SegundaUnidadFX] [JavaFX Application Thread] j.LocalContainerEntityManagerFactoryBean : Closing JPA EntityManagerFactory for persistence unit 'default'
2024-11-03T21:51:50.984-05:00  INFO 30944 --- [SegundaUnidadFX] [JavaFX Application Thread] com.zaxxer.hikari.HikariDataSource       : HikariPool-1 - Shutdown initiated...
2024-11-03T21:51:50.992-05:00  INFO 30944 --- [SegundaUnidadFX] [JavaFX Application Thread] com.zaxxer.hikari.HikariDataSource       : HikariPool-1 - Shutdown completed.
2024-11-03T22:00:54.340-05:00  INFO 17488 --- [SegundaUnidadFX] [JavaFX-Launcher] o.s.boot.SpringApplication               : Starting application using Java 23 with PID 17488 (started by LENOVO in D:\Nueva carpeta\PROYECTO-main\SegundaUnidadFX)
2024-11-03T22:00:54.342-05:00  INFO 17488 --- [SegundaUnidadFX] [JavaFX-Launcher] o.s.boot.SpringApplication               : No active profile set, falling back to 1 default profile: "default"
2024-11-03T22:00:55.382-05:00  INFO 17488 --- [SegundaUnidadFX] [JavaFX-Launcher] .s.d.r.c.RepositoryConfigurationDelegate : Bootstrapping Spring Data JPA repositories in DEFAULT mode.
2024-11-03T22:00:55.473-05:00  INFO 17488 --- [SegundaUnidadFX] [JavaFX-Launcher] .s.d.r.c.RepositoryConfigurationDelegate : Finished Spring Data repository scanning in 72 ms. Found 3 JPA repository interfaces.
2024-11-03T22:00:56.142-05:00  INFO 17488 --- [SegundaUnidadFX] [JavaFX-Launcher] o.hibernate.jpa.internal.util.LogHelper  : HHH000204: Processing PersistenceUnitInfo [name: default]
2024-11-03T22:00:56.263-05:00  INFO 17488 --- [SegundaUnidadFX] [JavaFX-Launcher] org.hibernate.Version                    : HHH000412: Hibernate ORM core version 6.5.3.Final
2024-11-03T22:00:56.329-05:00  INFO 17488 --- [SegundaUnidadFX] [JavaFX-Launcher] o.h.c.internal.RegionFactoryInitiator    : HHH000026: Second-level cache disabled
2024-11-03T22:00:56.792-05:00  INFO 17488 --- [SegundaUnidadFX] [JavaFX-Launcher] o.s.o.j.p.SpringPersistenceUnitInfo      : No LoadTimeWeaver setup: ignoring JPA class transformer
2024-11-03T22:00:56.831-05:00  INFO 17488 --- [SegundaUnidadFX] [JavaFX-Launcher] com.zaxxer.hikari.HikariDataSource       : HikariPool-1 - Starting...
2024-11-03T22:00:56.996-05:00  INFO 17488 --- [SegundaUnidadFX] [JavaFX-Launcher] com.zaxxer.hikari.pool.HikariPool        : HikariPool-1 - Added connection org.sqlite.jdbc4.JDBC4Connection@c97831c
2024-11-03T22:00:56.999-05:00  INFO 17488 --- [SegundaUnidadFX] [JavaFX-Launcher] com.zaxxer.hikari.HikariDataSource       : HikariPool-1 - Start completed.
2024-11-03T22:00:58.227-05:00  INFO 17488 --- [SegundaUnidadFX] [JavaFX-Launcher] o.h.e.t.j.p.i.JtaPlatformInitiator       : HHH000489: No JTA platform available (set 'hibernate.transaction.jta.platform' to enable JTA platform integration)
2024-11-03T22:00:58.270-05:00  INFO 17488 --- [SegundaUnidadFX] [JavaFX-Launcher] j.LocalContainerEntityManagerFactoryBean : Initialized JPA EntityManagerFactory for persistence unit 'default'
2024-11-03T22:00:59.074-05:00  INFO 17488 --- [SegundaUnidadFX] [JavaFX-Launcher] o.s.boot.SpringApplication               : Started application in 5.638 seconds (process running for 7.055)
2024-11-03T22:01:03.053-05:00  INFO 17488 --- [SegundaUnidadFX] [JavaFX Application Thread] j.LocalContainerEntityManagerFactoryBean : Closing JPA EntityManagerFactory for persistence unit 'default'
2024-11-03T22:01:03.057-05:00  INFO 17488 --- [SegundaUnidadFX] [JavaFX Application Thread] com.zaxxer.hikari.HikariDataSource       : HikariPool-1 - Shutdown initiated...
2024-11-03T22:01:03.062-05:00  INFO 17488 --- [SegundaUnidadFX] [JavaFX Application Thread] com.zaxxer.hikari.HikariDataSource       : HikariPool-1 - Shutdown completed.
2024-11-03T22:35:48.735-05:00  INFO 30360 --- [SegundaUnidadFX] [JavaFX-Launcher] o.s.boot.SpringApplication               : Starting application using Java 23 with PID 30360 (started by LENOVO in D:\Nueva carpeta\PROYECTO-main\SegundaUnidadFX)
2024-11-03T22:35:48.738-05:00  INFO 30360 --- [SegundaUnidadFX] [JavaFX-Launcher] o.s.boot.SpringApplication               : No active profile set, falling back to 1 default profile: "default"
2024-11-03T22:35:49.714-05:00  INFO 30360 --- [SegundaUnidadFX] [JavaFX-Launcher] .s.d.r.c.RepositoryConfigurationDelegate : Bootstrapping Spring Data JPA repositories in DEFAULT mode.
2024-11-03T22:35:49.798-05:00  INFO 30360 --- [SegundaUnidadFX] [JavaFX-Launcher] .s.d.r.c.RepositoryConfigurationDelegate : Finished Spring Data repository scanning in 73 ms. Found 3 JPA repository interfaces.
2024-11-03T22:35:50.430-05:00  INFO 30360 --- [SegundaUnidadFX] [JavaFX-Launcher] o.hibernate.jpa.internal.util.LogHelper  : HHH000204: Processing PersistenceUnitInfo [name: default]
2024-11-03T22:35:50.544-05:00  INFO 30360 --- [SegundaUnidadFX] [JavaFX-Launcher] org.hibernate.Version                    : HHH000412: Hibernate ORM core version 6.5.3.Final
2024-11-03T22:35:50.591-05:00  INFO 30360 --- [SegundaUnidadFX] [JavaFX-Launcher] o.h.c.internal.RegionFactoryInitiator    : HHH000026: Second-level cache disabled
2024-11-03T22:35:51.061-05:00  INFO 30360 --- [SegundaUnidadFX] [JavaFX-Launcher] o.s.o.j.p.SpringPersistenceUnitInfo      : No LoadTimeWeaver setup: ignoring JPA class transformer
2024-11-03T22:35:51.104-05:00  INFO 30360 --- [SegundaUnidadFX] [JavaFX-Launcher] com.zaxxer.hikari.HikariDataSource       : HikariPool-1 - Starting...
2024-11-03T22:35:51.283-05:00  INFO 30360 --- [SegundaUnidadFX] [JavaFX-Launcher] com.zaxxer.hikari.pool.HikariPool        : HikariPool-1 - Added connection org.sqlite.jdbc4.JDBC4Connection@38fe9e2c
2024-11-03T22:35:51.286-05:00  INFO 30360 --- [SegundaUnidadFX] [JavaFX-Launcher] com.zaxxer.hikari.HikariDataSource       : HikariPool-1 - Start completed.
2024-11-03T22:35:52.297-05:00  INFO 30360 --- [SegundaUnidadFX] [JavaFX-Launcher] o.h.e.t.j.p.i.JtaPlatformInitiator       : HHH000489: No JTA platform available (set 'hibernate.transaction.jta.platform' to enable JTA platform integration)
2024-11-03T22:35:52.340-05:00  INFO 30360 --- [SegundaUnidadFX] [JavaFX-Launcher] j.LocalContainerEntityManagerFactoryBean : Initialized JPA EntityManagerFactory for persistence unit 'default'
2024-11-03T22:35:53.007-05:00  INFO 30360 --- [SegundaUnidadFX] [JavaFX-Launcher] o.s.boot.SpringApplication               : Started application in 5.165 seconds (process running for 6.511)
2024-11-03T22:35:53.382-05:00  INFO 30360 --- [SegundaUnidadFX] [JavaFX Application Thread] j.LocalContainerEntityManagerFactoryBean : Closing JPA EntityManagerFactory for persistence unit 'default'
2024-11-03T22:35:53.384-05:00  INFO 30360 --- [SegundaUnidadFX] [JavaFX Application Thread] com.zaxxer.hikari.HikariDataSource       : HikariPool-1 - Shutdown initiated...
2024-11-03T22:35:53.389-05:00  INFO 30360 --- [SegundaUnidadFX] [JavaFX Application Thread] com.zaxxer.hikari.HikariDataSource       : HikariPool-1 - Shutdown completed.
2024-11-03T22:37:03.895-05:00  INFO 38976 --- [SegundaUnidadFX] [JavaFX-Launcher] o.s.boot.SpringApplication               : Starting application using Java 23 with PID 38976 (started by LENOVO in D:\Nueva carpeta\PROYECTO-main\SegundaUnidadFX)
2024-11-03T22:37:03.899-05:00  INFO 38976 --- [SegundaUnidadFX] [JavaFX-Launcher] o.s.boot.SpringApplication               : No active profile set, falling back to 1 default profile: "default"
2024-11-03T22:37:05.154-05:00  INFO 38976 --- [SegundaUnidadFX] [JavaFX-Launcher] .s.d.r.c.RepositoryConfigurationDelegate : Bootstrapping Spring Data JPA repositories in DEFAULT mode.
2024-11-03T22:37:05.259-05:00  INFO 38976 --- [SegundaUnidadFX] [JavaFX-Launcher] .s.d.r.c.RepositoryConfigurationDelegate : Finished Spring Data repository scanning in 89 ms. Found 3 JPA repository interfaces.
2024-11-03T22:37:05.903-05:00  INFO 38976 --- [SegundaUnidadFX] [JavaFX-Launcher] o.hibernate.jpa.internal.util.LogHelper  : HHH000204: Processing PersistenceUnitInfo [name: default]
2024-11-03T22:37:06.007-05:00  INFO 38976 --- [SegundaUnidadFX] [JavaFX-Launcher] org.hibernate.Version                    : HHH000412: Hibernate ORM core version 6.5.3.Final
2024-11-03T22:37:06.058-05:00  INFO 38976 --- [SegundaUnidadFX] [JavaFX-Launcher] o.h.c.internal.RegionFactoryInitiator    : HHH000026: Second-level cache disabled
2024-11-03T22:37:06.570-05:00  INFO 38976 --- [SegundaUnidadFX] [JavaFX-Launcher] o.s.o.j.p.SpringPersistenceUnitInfo      : No LoadTimeWeaver setup: ignoring JPA class transformer
2024-11-03T22:37:06.609-05:00  INFO 38976 --- [SegundaUnidadFX] [JavaFX-Launcher] com.zaxxer.hikari.HikariDataSource       : HikariPool-1 - Starting...
2024-11-03T22:37:06.772-05:00  INFO 38976 --- [SegundaUnidadFX] [JavaFX-Launcher] com.zaxxer.hikari.pool.HikariPool        : HikariPool-1 - Added connection org.sqlite.jdbc4.JDBC4Connection@659b8b5
2024-11-03T22:37:06.774-05:00  INFO 38976 --- [SegundaUnidadFX] [JavaFX-Launcher] com.zaxxer.hikari.HikariDataSource       : HikariPool-1 - Start completed.
2024-11-03T22:37:07.896-05:00  INFO 38976 --- [SegundaUnidadFX] [JavaFX-Launcher] o.h.e.t.j.p.i.JtaPlatformInitiator       : HHH000489: No JTA platform available (set 'hibernate.transaction.jta.platform' to enable JTA platform integration)
2024-11-03T22:37:07.956-05:00  INFO 38976 --- [SegundaUnidadFX] [JavaFX-Launcher] j.LocalContainerEntityManagerFactoryBean : Initialized JPA EntityManagerFactory for persistence unit 'default'
2024-11-03T22:37:08.687-05:00  INFO 38976 --- [SegundaUnidadFX] [JavaFX-Launcher] o.s.boot.SpringApplication               : Started application in 5.891 seconds (process running for 7.475)
2024-11-03T22:37:09.085-05:00  INFO 38976 --- [SegundaUnidadFX] [JavaFX Application Thread] j.LocalContainerEntityManagerFactoryBean : Closing JPA EntityManagerFactory for persistence unit 'default'
2024-11-03T22:37:09.088-05:00  INFO 38976 --- [SegundaUnidadFX] [JavaFX Application Thread] com.zaxxer.hikari.HikariDataSource       : HikariPool-1 - Shutdown initiated...
2024-11-03T22:37:09.091-05:00  INFO 38976 --- [SegundaUnidadFX] [JavaFX Application Thread] com.zaxxer.hikari.HikariDataSource       : HikariPool-1 - Shutdown completed.
2024-11-03T22:41:48.534-05:00  INFO 16540 --- [SegundaUnidadFX] [JavaFX-Launcher] o.s.boot.SpringApplication               : Starting application using Java 23 with PID 16540 (started by LENOVO in D:\Nueva carpeta\PROYECTO-main\SegundaUnidadFX)
2024-11-03T22:41:48.536-05:00  INFO 16540 --- [SegundaUnidadFX] [JavaFX-Launcher] o.s.boot.SpringApplication               : No active profile set, falling back to 1 default profile: "default"
2024-11-03T22:41:49.471-05:00  INFO 16540 --- [SegundaUnidadFX] [JavaFX-Launcher] .s.d.r.c.RepositoryConfigurationDelegate : Bootstrapping Spring Data JPA repositories in DEFAULT mode.
2024-11-03T22:41:49.559-05:00  INFO 16540 --- [SegundaUnidadFX] [JavaFX-Launcher] .s.d.r.c.RepositoryConfigurationDelegate : Finished Spring Data repository scanning in 74 ms. Found 3 JPA repository interfaces.
2024-11-03T22:41:50.158-05:00  INFO 16540 --- [SegundaUnidadFX] [JavaFX-Launcher] o.hibernate.jpa.internal.util.LogHelper  : HHH000204: Processing PersistenceUnitInfo [name: default]
2024-11-03T22:41:50.263-05:00  INFO 16540 --- [SegundaUnidadFX] [JavaFX-Launcher] org.hibernate.Version                    : HHH000412: Hibernate ORM core version 6.5.3.Final
2024-11-03T22:41:50.318-05:00  INFO 16540 --- [SegundaUnidadFX] [JavaFX-Launcher] o.h.c.internal.RegionFactoryInitiator    : HHH000026: Second-level cache disabled
2024-11-03T22:41:50.724-05:00  INFO 16540 --- [SegundaUnidadFX] [JavaFX-Launcher] o.s.o.j.p.SpringPersistenceUnitInfo      : No LoadTimeWeaver setup: ignoring JPA class transformer
2024-11-03T22:41:50.767-05:00  INFO 16540 --- [SegundaUnidadFX] [JavaFX-Launcher] com.zaxxer.hikari.HikariDataSource       : HikariPool-1 - Starting...
2024-11-03T22:41:50.950-05:00  INFO 16540 --- [SegundaUnidadFX] [JavaFX-Launcher] com.zaxxer.hikari.pool.HikariPool        : HikariPool-1 - Added connection org.sqlite.jdbc4.JDBC4Connection@822b18a
2024-11-03T22:41:50.952-05:00  INFO 16540 --- [SegundaUnidadFX] [JavaFX-Launcher] com.zaxxer.hikari.HikariDataSource       : HikariPool-1 - Start completed.
2024-11-03T22:41:51.975-05:00  INFO 16540 --- [SegundaUnidadFX] [JavaFX-Launcher] o.h.e.t.j.p.i.JtaPlatformInitiator       : HHH000489: No JTA platform available (set 'hibernate.transaction.jta.platform' to enable JTA platform integration)
2024-11-03T22:41:52.012-05:00  INFO 16540 --- [SegundaUnidadFX] [JavaFX-Launcher] j.LocalContainerEntityManagerFactoryBean : Initialized JPA EntityManagerFactory for persistence unit 'default'
2024-11-03T22:41:52.718-05:00  INFO 16540 --- [SegundaUnidadFX] [JavaFX-Launcher] o.s.boot.SpringApplication               : Started application in 5.023 seconds (process running for 6.293)
2024-11-03T22:43:28.337-05:00  INFO 16540 --- [SegundaUnidadFX] [JavaFX Application Thread] j.LocalContainerEntityManagerFactoryBean : Closing JPA EntityManagerFactory for persistence unit 'default'
2024-11-03T22:43:28.365-05:00  INFO 16540 --- [SegundaUnidadFX] [JavaFX Application Thread] com.zaxxer.hikari.HikariDataSource       : HikariPool-1 - Shutdown initiated...
2024-11-03T22:43:28.372-05:00  INFO 16540 --- [SegundaUnidadFX] [JavaFX Application Thread] com.zaxxer.hikari.HikariDataSource       : HikariPool-1 - Shutdown completed.
2024-11-03T22:54:00.813-05:00  INFO 19080 --- [SegundaUnidadFX] [JavaFX-Launcher] o.s.boot.SpringApplication               : Starting application using Java 23 with PID 19080 (started by LENOVO in D:\Nueva carpeta\PROYECTO-main\SegundaUnidadFX)
2024-11-03T22:54:00.817-05:00  INFO 19080 --- [SegundaUnidadFX] [JavaFX-Launcher] o.s.boot.SpringApplication               : No active profile set, falling back to 1 default profile: "default"
2024-11-03T22:54:02.062-05:00  INFO 19080 --- [SegundaUnidadFX] [JavaFX-Launcher] .s.d.r.c.RepositoryConfigurationDelegate : Bootstrapping Spring Data JPA repositories in DEFAULT mode.
2024-11-03T22:54:02.167-05:00  INFO 19080 --- [SegundaUnidadFX] [JavaFX-Launcher] .s.d.r.c.RepositoryConfigurationDelegate : Finished Spring Data repository scanning in 89 ms. Found 3 JPA repository interfaces.
2024-11-03T22:54:02.784-05:00  INFO 19080 --- [SegundaUnidadFX] [JavaFX-Launcher] o.hibernate.jpa.internal.util.LogHelper  : HHH000204: Processing PersistenceUnitInfo [name: default]
2024-11-03T22:54:02.879-05:00  INFO 19080 --- [SegundaUnidadFX] [JavaFX-Launcher] org.hibernate.Version                    : HHH000412: Hibernate ORM core version 6.5.3.Final
2024-11-03T22:54:02.934-05:00  INFO 19080 --- [SegundaUnidadFX] [JavaFX-Launcher] o.h.c.internal.RegionFactoryInitiator    : HHH000026: Second-level cache disabled
2024-11-03T22:54:03.440-05:00  INFO 19080 --- [SegundaUnidadFX] [JavaFX-Launcher] o.s.o.j.p.SpringPersistenceUnitInfo      : No LoadTimeWeaver setup: ignoring JPA class transformer
2024-11-03T22:54:03.487-05:00  INFO 19080 --- [SegundaUnidadFX] [JavaFX-Launcher] com.zaxxer.hikari.HikariDataSource       : HikariPool-1 - Starting...
2024-11-03T22:54:03.672-05:00  INFO 19080 --- [SegundaUnidadFX] [JavaFX-Launcher] com.zaxxer.hikari.pool.HikariPool        : HikariPool-1 - Added connection org.sqlite.jdbc4.JDBC4Connection@32c9c9ea
2024-11-03T22:54:03.674-05:00  INFO 19080 --- [SegundaUnidadFX] [JavaFX-Launcher] com.zaxxer.hikari.HikariDataSource       : HikariPool-1 - Start completed.
2024-11-03T22:54:04.842-05:00  INFO 19080 --- [SegundaUnidadFX] [JavaFX-Launcher] o.h.e.t.j.p.i.JtaPlatformInitiator       : HHH000489: No JTA platform available (set 'hibernate.transaction.jta.platform' to enable JTA platform integration)
2024-11-03T22:54:04.913-05:00  INFO 19080 --- [SegundaUnidadFX] [JavaFX-Launcher] j.LocalContainerEntityManagerFactoryBean : Initialized JPA EntityManagerFactory for persistence unit 'default'
2024-11-03T22:54:05.703-05:00  INFO 19080 --- [SegundaUnidadFX] [JavaFX-Launcher] o.s.boot.SpringApplication               : Started application in 5.835 seconds (process running for 7.232)
2024-11-03T22:54:05.833-05:00  WARN 19080 --- [SegundaUnidadFX] [JavaFX Application Thread] javafx                                   : Loading FXML document with JavaFX API of version 17.0.2 by JavaFX runtime of version 16
2024-11-03T22:54:36.795-05:00  INFO 19080 --- [SegundaUnidadFX] [JavaFX Application Thread] j.LocalContainerEntityManagerFactoryBean : Closing JPA EntityManagerFactory for persistence unit 'default'
2024-11-03T22:54:36.800-05:00  INFO 19080 --- [SegundaUnidadFX] [JavaFX Application Thread] com.zaxxer.hikari.HikariDataSource       : HikariPool-1 - Shutdown initiated...
2024-11-03T22:54:36.806-05:00  INFO 19080 --- [SegundaUnidadFX] [JavaFX Application Thread] com.zaxxer.hikari.HikariDataSource       : HikariPool-1 - Shutdown completed.
2024-11-03T22:56:35.285-05:00  INFO 19492 --- [SegundaUnidadFX] [JavaFX-Launcher] o.s.boot.SpringApplication               : Starting application using Java 23 with PID 19492 (started by LENOVO in D:\Nueva carpeta\PROYECTO-main\SegundaUnidadFX)
2024-11-03T22:56:35.287-05:00  INFO 19492 --- [SegundaUnidadFX] [JavaFX-Launcher] o.s.boot.SpringApplication               : No active profile set, falling back to 1 default profile: "default"
2024-11-03T22:56:36.252-05:00  INFO 19492 --- [SegundaUnidadFX] [JavaFX-Launcher] .s.d.r.c.RepositoryConfigurationDelegate : Bootstrapping Spring Data JPA repositories in DEFAULT mode.
2024-11-03T22:56:36.346-05:00  INFO 19492 --- [SegundaUnidadFX] [JavaFX-Launcher] .s.d.r.c.RepositoryConfigurationDelegate : Finished Spring Data repository scanning in 74 ms. Found 3 JPA repository interfaces.
2024-11-03T22:56:36.914-05:00  INFO 19492 --- [SegundaUnidadFX] [JavaFX-Launcher] o.hibernate.jpa.internal.util.LogHelper  : HHH000204: Processing PersistenceUnitInfo [name: default]
2024-11-03T22:56:37.017-05:00  INFO 19492 --- [SegundaUnidadFX] [JavaFX-Launcher] org.hibernate.Version                    : HHH000412: Hibernate ORM core version 6.5.3.Final
2024-11-03T22:56:37.069-05:00  INFO 19492 --- [SegundaUnidadFX] [JavaFX-Launcher] o.h.c.internal.RegionFactoryInitiator    : HHH000026: Second-level cache disabled
2024-11-03T22:56:37.536-05:00  INFO 19492 --- [SegundaUnidadFX] [JavaFX-Launcher] o.s.o.j.p.SpringPersistenceUnitInfo      : No LoadTimeWeaver setup: ignoring JPA class transformer
2024-11-03T22:56:37.573-05:00  INFO 19492 --- [SegundaUnidadFX] [JavaFX-Launcher] com.zaxxer.hikari.HikariDataSource       : HikariPool-1 - Starting...
2024-11-03T22:56:37.741-05:00  INFO 19492 --- [SegundaUnidadFX] [JavaFX-Launcher] com.zaxxer.hikari.pool.HikariPool        : HikariPool-1 - Added connection org.sqlite.jdbc4.JDBC4Connection@108d63f5
2024-11-03T22:56:37.744-05:00  INFO 19492 --- [SegundaUnidadFX] [JavaFX-Launcher] com.zaxxer.hikari.HikariDataSource       : HikariPool-1 - Start completed.
2024-11-03T22:56:38.910-05:00  INFO 19492 --- [SegundaUnidadFX] [JavaFX-Launcher] o.h.e.t.j.p.i.JtaPlatformInitiator       : HHH000489: No JTA platform available (set 'hibernate.transaction.jta.platform' to enable JTA platform integration)
2024-11-03T22:56:38.957-05:00  INFO 19492 --- [SegundaUnidadFX] [JavaFX-Launcher] j.LocalContainerEntityManagerFactoryBean : Initialized JPA EntityManagerFactory for persistence unit 'default'
2024-11-03T22:56:39.609-05:00  INFO 19492 --- [SegundaUnidadFX] [JavaFX-Launcher] o.s.boot.SpringApplication               : Started application in 5.187 seconds (process running for 6.459)
2024-11-03T22:56:39.730-05:00  WARN 19492 --- [SegundaUnidadFX] [JavaFX Application Thread] javafx                                   : Loading FXML document with JavaFX API of version 17.0.2 by JavaFX runtime of version 16
2024-11-03T23:00:52.998-05:00  INFO 19492 --- [SegundaUnidadFX] [JavaFX Application Thread] j.LocalContainerEntityManagerFactoryBean : Closing JPA EntityManagerFactory for persistence unit 'default'
2024-11-03T23:00:53.081-05:00  INFO 19492 --- [SegundaUnidadFX] [JavaFX Application Thread] com.zaxxer.hikari.HikariDataSource       : HikariPool-1 - Shutdown initiated...
2024-11-03T23:00:53.097-05:00  INFO 19492 --- [SegundaUnidadFX] [JavaFX Application Thread] com.zaxxer.hikari.HikariDataSource       : HikariPool-1 - Shutdown completed.
2024-11-03T23:01:18.507-05:00  INFO 7140 --- [SegundaUnidadFX] [JavaFX-Launcher] o.s.boot.SpringApplication               : Starting application using Java 23 with PID 7140 (started by LENOVO in D:\Nueva carpeta\PROYECTO-main\SegundaUnidadFX)
2024-11-03T23:01:18.509-05:00  INFO 7140 --- [SegundaUnidadFX] [JavaFX-Launcher] o.s.boot.SpringApplication               : No active profile set, falling back to 1 default profile: "default"
2024-11-03T23:01:19.565-05:00  INFO 7140 --- [SegundaUnidadFX] [JavaFX-Launcher] .s.d.r.c.RepositoryConfigurationDelegate : Bootstrapping Spring Data JPA repositories in DEFAULT mode.
2024-11-03T23:01:19.670-05:00  INFO 7140 --- [SegundaUnidadFX] [JavaFX-Launcher] .s.d.r.c.RepositoryConfigurationDelegate : Finished Spring Data repository scanning in 76 ms. Found 3 JPA repository interfaces.
2024-11-03T23:01:20.230-05:00  INFO 7140 --- [SegundaUnidadFX] [JavaFX-Launcher] o.hibernate.jpa.internal.util.LogHelper  : HHH000204: Processing PersistenceUnitInfo [name: default]
2024-11-03T23:01:20.320-05:00  INFO 7140 --- [SegundaUnidadFX] [JavaFX-Launcher] org.hibernate.Version                    : HHH000412: Hibernate ORM core version 6.5.3.Final
2024-11-03T23:01:20.358-05:00  INFO 7140 --- [SegundaUnidadFX] [JavaFX-Launcher] o.h.c.internal.RegionFactoryInitiator    : HHH000026: Second-level cache disabled
2024-11-03T23:01:20.825-05:00  INFO 7140 --- [SegundaUnidadFX] [JavaFX-Launcher] o.s.o.j.p.SpringPersistenceUnitInfo      : No LoadTimeWeaver setup: ignoring JPA class transformer
2024-11-03T23:01:20.864-05:00  INFO 7140 --- [SegundaUnidadFX] [JavaFX-Launcher] com.zaxxer.hikari.HikariDataSource       : HikariPool-1 - Starting...
2024-11-03T23:01:21.041-05:00  INFO 7140 --- [SegundaUnidadFX] [JavaFX-Launcher] com.zaxxer.hikari.pool.HikariPool        : HikariPool-1 - Added connection org.sqlite.jdbc4.JDBC4Connection@5420d970
2024-11-03T23:01:21.044-05:00  INFO 7140 --- [SegundaUnidadFX] [JavaFX-Launcher] com.zaxxer.hikari.HikariDataSource       : HikariPool-1 - Start completed.
2024-11-03T23:01:22.178-05:00  INFO 7140 --- [SegundaUnidadFX] [JavaFX-Launcher] o.h.e.t.j.p.i.JtaPlatformInitiator       : HHH000489: No JTA platform available (set 'hibernate.transaction.jta.platform' to enable JTA platform integration)
2024-11-03T23:01:22.227-05:00  INFO 7140 --- [SegundaUnidadFX] [JavaFX-Launcher] j.LocalContainerEntityManagerFactoryBean : Initialized JPA EntityManagerFactory for persistence unit 'default'
2024-11-03T23:01:22.869-05:00  INFO 7140 --- [SegundaUnidadFX] [JavaFX-Launcher] o.s.boot.SpringApplication               : Started application in 5.253 seconds (process running for 6.449)
2024-11-03T23:01:23.030-05:00  WARN 7140 --- [SegundaUnidadFX] [JavaFX Application Thread] javafx                                   : Loading FXML document with JavaFX API of version 17.0.2 by JavaFX runtime of version 16
2024-11-03T23:03:55.676-05:00  INFO 7140 --- [SegundaUnidadFX] [JavaFX Application Thread] j.LocalContainerEntityManagerFactoryBean : Closing JPA EntityManagerFactory for persistence unit 'default'
2024-11-03T23:03:55.680-05:00  INFO 7140 --- [SegundaUnidadFX] [JavaFX Application Thread] com.zaxxer.hikari.HikariDataSource       : HikariPool-1 - Shutdown initiated...
2024-11-03T23:03:55.688-05:00  INFO 7140 --- [SegundaUnidadFX] [JavaFX Application Thread] com.zaxxer.hikari.HikariDataSource       : HikariPool-1 - Shutdown completed.
2024-11-03T23:04:28.366-05:00  INFO 37404 --- [SegundaUnidadFX] [JavaFX-Launcher] o.s.boot.SpringApplication               : Starting application using Java 23 with PID 37404 (started by LENOVO in D:\Nueva carpeta\PROYECTO-main\SegundaUnidadFX)
2024-11-03T23:04:28.369-05:00  INFO 37404 --- [SegundaUnidadFX] [JavaFX-Launcher] o.s.boot.SpringApplication               : No active profile set, falling back to 1 default profile: "default"
2024-11-03T23:04:29.384-05:00  INFO 37404 --- [SegundaUnidadFX] [JavaFX-Launcher] .s.d.r.c.RepositoryConfigurationDelegate : Bootstrapping Spring Data JPA repositories in DEFAULT mode.
2024-11-03T23:04:29.472-05:00  INFO 37404 --- [SegundaUnidadFX] [JavaFX-Launcher] .s.d.r.c.RepositoryConfigurationDelegate : Finished Spring Data repository scanning in 72 ms. Found 3 JPA repository interfaces.
2024-11-03T23:04:29.995-05:00  INFO 37404 --- [SegundaUnidadFX] [JavaFX-Launcher] o.hibernate.jpa.internal.util.LogHelper  : HHH000204: Processing PersistenceUnitInfo [name: default]
2024-11-03T23:04:30.103-05:00  INFO 37404 --- [SegundaUnidadFX] [JavaFX-Launcher] org.hibernate.Version                    : HHH000412: Hibernate ORM core version 6.5.3.Final
2024-11-03T23:04:30.154-05:00  INFO 37404 --- [SegundaUnidadFX] [JavaFX-Launcher] o.h.c.internal.RegionFactoryInitiator    : HHH000026: Second-level cache disabled
2024-11-03T23:04:30.614-05:00  INFO 37404 --- [SegundaUnidadFX] [JavaFX-Launcher] o.s.o.j.p.SpringPersistenceUnitInfo      : No LoadTimeWeaver setup: ignoring JPA class transformer
2024-11-03T23:04:30.648-05:00  INFO 37404 --- [SegundaUnidadFX] [JavaFX-Launcher] com.zaxxer.hikari.HikariDataSource       : HikariPool-1 - Starting...
2024-11-03T23:04:30.805-05:00  INFO 37404 --- [SegundaUnidadFX] [JavaFX-Launcher] com.zaxxer.hikari.pool.HikariPool        : HikariPool-1 - Added connection org.sqlite.jdbc4.JDBC4Connection@6e8009aa
2024-11-03T23:04:30.807-05:00  INFO 37404 --- [SegundaUnidadFX] [JavaFX-Launcher] com.zaxxer.hikari.HikariDataSource       : HikariPool-1 - Start completed.
2024-11-03T23:04:31.742-05:00  INFO 37404 --- [SegundaUnidadFX] [JavaFX-Launcher] o.h.e.t.j.p.i.JtaPlatformInitiator       : HHH000489: No JTA platform available (set 'hibernate.transaction.jta.platform' to enable JTA platform integration)
2024-11-03T23:04:31.777-05:00  INFO 37404 --- [SegundaUnidadFX] [JavaFX-Launcher] j.LocalContainerEntityManagerFactoryBean : Initialized JPA EntityManagerFactory for persistence unit 'default'
2024-11-03T23:04:32.403-05:00  INFO 37404 --- [SegundaUnidadFX] [JavaFX-Launcher] o.s.boot.SpringApplication               : Started application in 4.968 seconds (process running for 6.14)
2024-11-03T23:05:02.741-05:00  INFO 37404 --- [SegundaUnidadFX] [JavaFX Application Thread] j.LocalContainerEntityManagerFactoryBean : Closing JPA EntityManagerFactory for persistence unit 'default'
2024-11-03T23:05:02.743-05:00  INFO 37404 --- [SegundaUnidadFX] [JavaFX Application Thread] com.zaxxer.hikari.HikariDataSource       : HikariPool-1 - Shutdown initiated...
2024-11-03T23:05:02.747-05:00  INFO 37404 --- [SegundaUnidadFX] [JavaFX Application Thread] com.zaxxer.hikari.HikariDataSource       : HikariPool-1 - Shutdown completed.
2024-11-03T23:05:44.579-05:00  INFO 30068 --- [SegundaUnidadFX] [JavaFX-Launcher] o.s.boot.SpringApplication               : Starting application using Java 23 with PID 30068 (started by LENOVO in D:\Nueva carpeta\PROYECTO-main\SegundaUnidadFX)
2024-11-03T23:05:44.582-05:00  INFO 30068 --- [SegundaUnidadFX] [JavaFX-Launcher] o.s.boot.SpringApplication               : No active profile set, falling back to 1 default profile: "default"
2024-11-03T23:05:45.584-05:00  INFO 30068 --- [SegundaUnidadFX] [JavaFX-Launcher] .s.d.r.c.RepositoryConfigurationDelegate : Bootstrapping Spring Data JPA repositories in DEFAULT mode.
2024-11-03T23:05:45.680-05:00  INFO 30068 --- [SegundaUnidadFX] [JavaFX-Launcher] .s.d.r.c.RepositoryConfigurationDelegate : Finished Spring Data repository scanning in 77 ms. Found 3 JPA repository interfaces.
2024-11-03T23:05:46.232-05:00  INFO 30068 --- [SegundaUnidadFX] [JavaFX-Launcher] o.hibernate.jpa.internal.util.LogHelper  : HHH000204: Processing PersistenceUnitInfo [name: default]
2024-11-03T23:05:46.308-05:00  INFO 30068 --- [SegundaUnidadFX] [JavaFX-Launcher] org.hibernate.Version                    : HHH000412: Hibernate ORM core version 6.5.3.Final
2024-11-03T23:05:46.355-05:00  INFO 30068 --- [SegundaUnidadFX] [JavaFX-Launcher] o.h.c.internal.RegionFactoryInitiator    : HHH000026: Second-level cache disabled
2024-11-03T23:05:46.729-05:00  INFO 30068 --- [SegundaUnidadFX] [JavaFX-Launcher] o.s.o.j.p.SpringPersistenceUnitInfo      : No LoadTimeWeaver setup: ignoring JPA class transformer
2024-11-03T23:05:46.762-05:00  INFO 30068 --- [SegundaUnidadFX] [JavaFX-Launcher] com.zaxxer.hikari.HikariDataSource       : HikariPool-1 - Starting...
2024-11-03T23:05:46.934-05:00  INFO 30068 --- [SegundaUnidadFX] [JavaFX-Launcher] com.zaxxer.hikari.pool.HikariPool        : HikariPool-1 - Added connection org.sqlite.jdbc4.JDBC4Connection@1181b485
2024-11-03T23:05:46.936-05:00  INFO 30068 --- [SegundaUnidadFX] [JavaFX-Launcher] com.zaxxer.hikari.HikariDataSource       : HikariPool-1 - Start completed.
2024-11-03T23:05:48.148-05:00  INFO 30068 --- [SegundaUnidadFX] [JavaFX-Launcher] o.h.e.t.j.p.i.JtaPlatformInitiator       : HHH000489: No JTA platform available (set 'hibernate.transaction.jta.platform' to enable JTA platform integration)
2024-11-03T23:05:48.197-05:00  INFO 30068 --- [SegundaUnidadFX] [JavaFX-Launcher] j.LocalContainerEntityManagerFactoryBean : Initialized JPA EntityManagerFactory for persistence unit 'default'
2024-11-03T23:05:48.876-05:00  INFO 30068 --- [SegundaUnidadFX] [JavaFX-Launcher] o.s.boot.SpringApplication               : Started application in 5.154 seconds (process running for 6.373)
2024-11-03T23:05:49.044-05:00  WARN 30068 --- [SegundaUnidadFX] [JavaFX Application Thread] javafx                                   : Loading FXML document with JavaFX API of version 17.0.2 by JavaFX runtime of version 16
2024-11-03T23:08:11.882-05:00  INFO 30068 --- [SegundaUnidadFX] [JavaFX Application Thread] j.LocalContainerEntityManagerFactoryBean : Closing JPA EntityManagerFactory for persistence unit 'default'
2024-11-03T23:08:11.888-05:00  INFO 30068 --- [SegundaUnidadFX] [JavaFX Application Thread] com.zaxxer.hikari.HikariDataSource       : HikariPool-1 - Shutdown initiated...
2024-11-03T23:08:11.891-05:00  INFO 30068 --- [SegundaUnidadFX] [JavaFX Application Thread] com.zaxxer.hikari.HikariDataSource       : HikariPool-1 - Shutdown completed.
2024-11-03T23:08:41.085-05:00  INFO 33480 --- [SegundaUnidadFX] [JavaFX-Launcher] o.s.boot.SpringApplication               : Starting application using Java 23 with PID 33480 (started by LENOVO in D:\Nueva carpeta\PROYECTO-main\SegundaUnidadFX)
2024-11-03T23:08:41.089-05:00  INFO 33480 --- [SegundaUnidadFX] [JavaFX-Launcher] o.s.boot.SpringApplication               : No active profile set, falling back to 1 default profile: "default"
2024-11-03T23:08:42.086-05:00  INFO 33480 --- [SegundaUnidadFX] [JavaFX-Launcher] .s.d.r.c.RepositoryConfigurationDelegate : Bootstrapping Spring Data JPA repositories in DEFAULT mode.
2024-11-03T23:08:42.194-05:00  INFO 33480 --- [SegundaUnidadFX] [JavaFX-Launcher] .s.d.r.c.RepositoryConfigurationDelegate : Finished Spring Data repository scanning in 92 ms. Found 3 JPA repository interfaces.
2024-11-03T23:08:42.884-05:00  INFO 33480 --- [SegundaUnidadFX] [JavaFX-Launcher] o.hibernate.jpa.internal.util.LogHelper  : HHH000204: Processing PersistenceUnitInfo [name: default]
2024-11-03T23:08:43.005-05:00  INFO 33480 --- [SegundaUnidadFX] [JavaFX-Launcher] org.hibernate.Version                    : HHH000412: Hibernate ORM core version 6.5.3.Final
2024-11-03T23:08:43.053-05:00  INFO 33480 --- [SegundaUnidadFX] [JavaFX-Launcher] o.h.c.internal.RegionFactoryInitiator    : HHH000026: Second-level cache disabled
2024-11-03T23:08:43.495-05:00  INFO 33480 --- [SegundaUnidadFX] [JavaFX-Launcher] o.s.o.j.p.SpringPersistenceUnitInfo      : No LoadTimeWeaver setup: ignoring JPA class transformer
2024-11-03T23:08:43.540-05:00  INFO 33480 --- [SegundaUnidadFX] [JavaFX-Launcher] com.zaxxer.hikari.HikariDataSource       : HikariPool-1 - Starting...
2024-11-03T23:08:43.702-05:00  INFO 33480 --- [SegundaUnidadFX] [JavaFX-Launcher] com.zaxxer.hikari.pool.HikariPool        : HikariPool-1 - Added connection org.sqlite.jdbc4.JDBC4Connection@1ae36904
2024-11-03T23:08:43.704-05:00  INFO 33480 --- [SegundaUnidadFX] [JavaFX-Launcher] com.zaxxer.hikari.HikariDataSource       : HikariPool-1 - Start completed.
2024-11-03T23:08:44.749-05:00  INFO 33480 --- [SegundaUnidadFX] [JavaFX-Launcher] o.h.e.t.j.p.i.JtaPlatformInitiator       : HHH000489: No JTA platform available (set 'hibernate.transaction.jta.platform' to enable JTA platform integration)
2024-11-03T23:08:44.794-05:00  INFO 33480 --- [SegundaUnidadFX] [JavaFX-Launcher] j.LocalContainerEntityManagerFactoryBean : Initialized JPA EntityManagerFactory for persistence unit 'default'
2024-11-03T23:08:45.407-05:00  INFO 33480 --- [SegundaUnidadFX] [JavaFX-Launcher] o.s.boot.SpringApplication               : Started application in 5.312 seconds (process running for 6.522)
2024-11-03T23:08:45.523-05:00  WARN 33480 --- [SegundaUnidadFX] [JavaFX Application Thread] javafx                                   : Loading FXML document with JavaFX API of version 17.0.2 by JavaFX runtime of version 16
2024-11-03T23:13:57.427-05:00  INFO 33480 --- [SegundaUnidadFX] [JavaFX Application Thread] j.LocalContainerEntityManagerFactoryBean : Closing JPA EntityManagerFactory for persistence unit 'default'
2024-11-03T23:13:57.583-05:00  INFO 33480 --- [SegundaUnidadFX] [JavaFX Application Thread] com.zaxxer.hikari.HikariDataSource       : HikariPool-1 - Shutdown initiated...
2024-11-03T23:13:57.649-05:00  INFO 33480 --- [SegundaUnidadFX] [JavaFX Application Thread] com.zaxxer.hikari.HikariDataSource       : HikariPool-1 - Shutdown completed.
2024-11-03T23:14:42.270-05:00  INFO 18284 --- [SegundaUnidadFX] [JavaFX-Launcher] o.s.boot.SpringApplication               : Starting application using Java 23 with PID 18284 (started by LENOVO in D:\Nueva carpeta\PROYECTO-main\SegundaUnidadFX)
2024-11-03T23:14:42.273-05:00  INFO 18284 --- [SegundaUnidadFX] [JavaFX-Launcher] o.s.boot.SpringApplication               : No active profile set, falling back to 1 default profile: "default"
2024-11-03T23:14:43.411-05:00  INFO 18284 --- [SegundaUnidadFX] [JavaFX-Launcher] .s.d.r.c.RepositoryConfigurationDelegate : Bootstrapping Spring Data JPA repositories in DEFAULT mode.
2024-11-03T23:14:43.502-05:00  INFO 18284 --- [SegundaUnidadFX] [JavaFX-Launcher] .s.d.r.c.RepositoryConfigurationDelegate : Finished Spring Data repository scanning in 79 ms. Found 3 JPA repository interfaces.
2024-11-03T23:14:44.073-05:00  INFO 18284 --- [SegundaUnidadFX] [JavaFX-Launcher] o.hibernate.jpa.internal.util.LogHelper  : HHH000204: Processing PersistenceUnitInfo [name: default]
2024-11-03T23:14:44.163-05:00  INFO 18284 --- [SegundaUnidadFX] [JavaFX-Launcher] org.hibernate.Version                    : HHH000412: Hibernate ORM core version 6.5.3.Final
2024-11-03T23:14:44.214-05:00  INFO 18284 --- [SegundaUnidadFX] [JavaFX-Launcher] o.h.c.internal.RegionFactoryInitiator    : HHH000026: Second-level cache disabled
2024-11-03T23:14:44.651-05:00  INFO 18284 --- [SegundaUnidadFX] [JavaFX-Launcher] o.s.o.j.p.SpringPersistenceUnitInfo      : No LoadTimeWeaver setup: ignoring JPA class transformer
2024-11-03T23:14:44.699-05:00  INFO 18284 --- [SegundaUnidadFX] [JavaFX-Launcher] com.zaxxer.hikari.HikariDataSource       : HikariPool-1 - Starting...
2024-11-03T23:14:44.895-05:00  INFO 18284 --- [SegundaUnidadFX] [JavaFX-Launcher] com.zaxxer.hikari.pool.HikariPool        : HikariPool-1 - Added connection org.sqlite.jdbc4.JDBC4Connection@57b7cba4
2024-11-03T23:14:44.898-05:00  INFO 18284 --- [SegundaUnidadFX] [JavaFX-Launcher] com.zaxxer.hikari.HikariDataSource       : HikariPool-1 - Start completed.
2024-11-03T23:14:46.128-05:00  INFO 18284 --- [SegundaUnidadFX] [JavaFX-Launcher] o.h.e.t.j.p.i.JtaPlatformInitiator       : HHH000489: No JTA platform available (set 'hibernate.transaction.jta.platform' to enable JTA platform integration)
2024-11-03T23:14:46.179-05:00  INFO 18284 --- [SegundaUnidadFX] [JavaFX-Launcher] j.LocalContainerEntityManagerFactoryBean : Initialized JPA EntityManagerFactory for persistence unit 'default'
2024-11-03T23:14:46.875-05:00  INFO 18284 --- [SegundaUnidadFX] [JavaFX-Launcher] o.s.boot.SpringApplication               : Started application in 5.678 seconds (process running for 7.17)
2024-11-03T23:14:47.039-05:00  WARN 18284 --- [SegundaUnidadFX] [JavaFX Application Thread] javafx                                   : Loading FXML document with JavaFX API of version 17.0.2 by JavaFX runtime of version 16
2024-11-03T23:15:06.070-05:00  INFO 18284 --- [SegundaUnidadFX] [JavaFX Application Thread] j.LocalContainerEntityManagerFactoryBean : Closing JPA EntityManagerFactory for persistence unit 'default'
2024-11-03T23:15:06.076-05:00  INFO 18284 --- [SegundaUnidadFX] [JavaFX Application Thread] com.zaxxer.hikari.HikariDataSource       : HikariPool-1 - Shutdown initiated...
2024-11-03T23:15:06.087-05:00  INFO 18284 --- [SegundaUnidadFX] [JavaFX Application Thread] com.zaxxer.hikari.HikariDataSource       : HikariPool-1 - Shutdown completed.
2024-11-03T23:19:55.677-05:00  INFO 30328 --- [SegundaUnidadFX] [JavaFX-Launcher] o.s.boot.SpringApplication               : Starting application using Java 23 with PID 30328 (started by LENOVO in D:\Nueva carpeta\PROYECTO-main\SegundaUnidadFX)
2024-11-03T23:19:55.681-05:00  INFO 30328 --- [SegundaUnidadFX] [JavaFX-Launcher] o.s.boot.SpringApplication               : No active profile set, falling back to 1 default profile: "default"
2024-11-03T23:19:56.784-05:00  INFO 30328 --- [SegundaUnidadFX] [JavaFX-Launcher] .s.d.r.c.RepositoryConfigurationDelegate : Bootstrapping Spring Data JPA repositories in DEFAULT mode.
2024-11-03T23:19:56.874-05:00  INFO 30328 --- [SegundaUnidadFX] [JavaFX-Launcher] .s.d.r.c.RepositoryConfigurationDelegate : Finished Spring Data repository scanning in 78 ms. Found 3 JPA repository interfaces.
2024-11-03T23:19:57.487-05:00  INFO 30328 --- [SegundaUnidadFX] [JavaFX-Launcher] o.hibernate.jpa.internal.util.LogHelper  : HHH000204: Processing PersistenceUnitInfo [name: default]
2024-11-03T23:19:57.593-05:00  INFO 30328 --- [SegundaUnidadFX] [JavaFX-Launcher] org.hibernate.Version                    : HHH000412: Hibernate ORM core version 6.5.3.Final
2024-11-03T23:19:57.647-05:00  INFO 30328 --- [SegundaUnidadFX] [JavaFX-Launcher] o.h.c.internal.RegionFactoryInitiator    : HHH000026: Second-level cache disabled
2024-11-03T23:19:58.078-05:00  INFO 30328 --- [SegundaUnidadFX] [JavaFX-Launcher] o.s.o.j.p.SpringPersistenceUnitInfo      : No LoadTimeWeaver setup: ignoring JPA class transformer
2024-11-03T23:19:58.122-05:00  INFO 30328 --- [SegundaUnidadFX] [JavaFX-Launcher] com.zaxxer.hikari.HikariDataSource       : HikariPool-1 - Starting...
2024-11-03T23:19:58.275-05:00  INFO 30328 --- [SegundaUnidadFX] [JavaFX-Launcher] com.zaxxer.hikari.pool.HikariPool        : HikariPool-1 - Added connection org.sqlite.jdbc4.JDBC4Connection@3aec8bd
2024-11-03T23:19:58.277-05:00  INFO 30328 --- [SegundaUnidadFX] [JavaFX-Launcher] com.zaxxer.hikari.HikariDataSource       : HikariPool-1 - Start completed.
2024-11-03T23:19:59.421-05:00  INFO 30328 --- [SegundaUnidadFX] [JavaFX-Launcher] o.h.e.t.j.p.i.JtaPlatformInitiator       : HHH000489: No JTA platform available (set 'hibernate.transaction.jta.platform' to enable JTA platform integration)
2024-11-03T23:19:59.473-05:00  INFO 30328 --- [SegundaUnidadFX] [JavaFX-Launcher] j.LocalContainerEntityManagerFactoryBean : Initialized JPA EntityManagerFactory for persistence unit 'default'
2024-11-03T23:20:00.297-05:00  INFO 30328 --- [SegundaUnidadFX] [JavaFX-Launcher] o.s.boot.SpringApplication               : Started application in 5.52 seconds (process running for 6.917)
2024-11-03T23:20:00.475-05:00  WARN 30328 --- [SegundaUnidadFX] [JavaFX Application Thread] javafx                                   : Loading FXML document with JavaFX API of version 17.0.2 by JavaFX runtime of version 16
2024-11-03T23:20:38.850-05:00  INFO 30328 --- [SegundaUnidadFX] [JavaFX Application Thread] j.LocalContainerEntityManagerFactoryBean : Closing JPA EntityManagerFactory for persistence unit 'default'
2024-11-03T23:20:38.853-05:00  INFO 30328 --- [SegundaUnidadFX] [JavaFX Application Thread] com.zaxxer.hikari.HikariDataSource       : HikariPool-1 - Shutdown initiated...
2024-11-03T23:20:38.858-05:00  INFO 30328 --- [SegundaUnidadFX] [JavaFX Application Thread] com.zaxxer.hikari.HikariDataSource       : HikariPool-1 - Shutdown completed.
2024-11-03T23:27:27.175-05:00  INFO 41204 --- [SegundaUnidadFX] [JavaFX-Launcher] o.s.boot.SpringApplication               : Starting application using Java 23 with PID 41204 (started by LENOVO in D:\Nueva carpeta\PROYECTO-main\SegundaUnidadFX)
2024-11-03T23:27:27.179-05:00  INFO 41204 --- [SegundaUnidadFX] [JavaFX-Launcher] o.s.boot.SpringApplication               : No active profile set, falling back to 1 default profile: "default"
2024-11-03T23:27:28.414-05:00  INFO 41204 --- [SegundaUnidadFX] [JavaFX-Launcher] .s.d.r.c.RepositoryConfigurationDelegate : Bootstrapping Spring Data JPA repositories in DEFAULT mode.
2024-11-03T23:27:28.516-05:00  INFO 41204 --- [SegundaUnidadFX] [JavaFX-Launcher] .s.d.r.c.RepositoryConfigurationDelegate : Finished Spring Data repository scanning in 93 ms. Found 6 JPA repository interfaces.
2024-11-03T23:27:29.171-05:00  INFO 41204 --- [SegundaUnidadFX] [JavaFX-Launcher] o.hibernate.jpa.internal.util.LogHelper  : HHH000204: Processing PersistenceUnitInfo [name: default]
2024-11-03T23:27:29.286-05:00  INFO 41204 --- [SegundaUnidadFX] [JavaFX-Launcher] org.hibernate.Version                    : HHH000412: Hibernate ORM core version 6.5.3.Final
2024-11-03T23:27:29.331-05:00  INFO 41204 --- [SegundaUnidadFX] [JavaFX-Launcher] o.h.c.internal.RegionFactoryInitiator    : HHH000026: Second-level cache disabled
2024-11-03T23:27:29.874-05:00  INFO 41204 --- [SegundaUnidadFX] [JavaFX-Launcher] o.s.o.j.p.SpringPersistenceUnitInfo      : No LoadTimeWeaver setup: ignoring JPA class transformer
2024-11-03T23:27:29.912-05:00  INFO 41204 --- [SegundaUnidadFX] [JavaFX-Launcher] com.zaxxer.hikari.HikariDataSource       : HikariPool-1 - Starting...
2024-11-03T23:27:30.065-05:00  INFO 41204 --- [SegundaUnidadFX] [JavaFX-Launcher] com.zaxxer.hikari.pool.HikariPool        : HikariPool-1 - Added connection org.sqlite.jdbc4.JDBC4Connection@4b8f83eb
2024-11-03T23:27:30.068-05:00  INFO 41204 --- [SegundaUnidadFX] [JavaFX-Launcher] com.zaxxer.hikari.HikariDataSource       : HikariPool-1 - Start completed.
2024-11-03T23:27:31.324-05:00  INFO 41204 --- [SegundaUnidadFX] [JavaFX-Launcher] o.h.e.t.j.p.i.JtaPlatformInitiator       : HHH000489: No JTA platform available (set 'hibernate.transaction.jta.platform' to enable JTA platform integration)
2024-11-03T23:27:31.405-05:00  INFO 41204 --- [SegundaUnidadFX] [JavaFX-Launcher] j.LocalContainerEntityManagerFactoryBean : Initialized JPA EntityManagerFactory for persistence unit 'default'
2024-11-03T23:27:32.239-05:00  INFO 41204 --- [SegundaUnidadFX] [JavaFX-Launcher] o.s.boot.SpringApplication               : Started application in 5.989 seconds (process running for 7.348)
2024-11-03T23:29:36.717-05:00  INFO 41204 --- [SegundaUnidadFX] [JavaFX Application Thread] j.LocalContainerEntityManagerFactoryBean : Closing JPA EntityManagerFactory for persistence unit 'default'
2024-11-03T23:29:36.721-05:00  INFO 41204 --- [SegundaUnidadFX] [JavaFX Application Thread] com.zaxxer.hikari.HikariDataSource       : HikariPool-1 - Shutdown initiated...
2024-11-03T23:29:36.729-05:00  INFO 41204 --- [SegundaUnidadFX] [JavaFX Application Thread] com.zaxxer.hikari.HikariDataSource       : HikariPool-1 - Shutdown completed.
